<?xml version="1.0" encoding="UTF-8"?>
<testng-results ignored="0" total="1" passed="1" failed="0" skipped="0">
  <reporter-output>
  </reporter-output>
  <suite started-at="2023-03-01T19:36:45 IST" name="Default suite" finished-at="2023-03-01T19:36:59 IST" duration-ms="13230">
    <groups>
    </groups>
    <test started-at="2023-03-01T19:36:45 IST" name="Default test" finished-at="2023-03-01T19:36:59 IST" duration-ms="13230">
      <class name="TestDrive.TestSwag">
        <test-method is-config="true" signature="Startup()[pri:0, instance:TestDrive.TestSwag@2df9b86]" started-at="2023-03-01T19:36:45 IST" name="Startup" finished-at="2023-03-01T19:36:49 IST" duration-ms="3530" status="PASS">
          <reporter-output>
          </reporter-output>
        </test-method> <!-- Startup -->
        <test-method signature="location()[pri:0, instance:TestDrive.TestSwag@2df9b86]" started-at="2023-03-01T19:36:49 IST" name="location" finished-at="2023-03-01T19:36:50 IST" duration-ms="1409" status="PASS">
          <reporter-output>
          </reporter-output>
        </test-method> <!-- location -->
        <test-method is-config="true" signature="Closeup()[pri:0, instance:TestDrive.TestSwag@2df9b86]" started-at="2023-03-01T19:36:50 IST" name="Closeup" finished-at="2023-03-01T19:36:59 IST" duration-ms="8254" status="PASS">
          <reporter-output>
          </reporter-output>
        </test-method> <!-- Closeup -->
      </class> <!-- TestDrive.TestSwag -->
    </test> <!-- Default test -->
  </suite> <!-- Default suite -->
</testng-results>
